Compiling the CXX compiler identification source file "CMakeCXXCompilerId.cpp" failed.
Compiler: /usr/bin/ccache 
Build flags: -pedantic;-fpic;-Wall;-Wpointer-arith;-Wwrite-strings;-Wsynth;-Wsign-compare;-Wswitch;-Wno-unused-local-typedefs;-Wno-long-long;;;-std=c++11;-Wno-parentheses;-Wno-long-long;-Wno-unused;-Wno-extra;-Wno-overloaded-virtual;-Wno-long-long
Id flags: 

The output was:
1
/usr/bin/ccache: invalid option -- 'p'
Usage:
    ccache [options]
    ccache compiler [compiler options]
    compiler [compiler options]          (via symbolic link)

Options:
    -c, --cleanup         delete old files and recalculate size counters
                          (normally not needed as this is done automatically)
    -C, --clear           clear the cache completely
    -F, --max-files=N     set maximum number of files in cache to N (use 0 for
                          no limit)
    -M, --max-size=SIZE   set maximum size of cache to SIZE (use 0 for no
                          limit; available suffixes: G, M and K; default
                          suffix: G)
    -s, --show-stats      show statistics summary
    -z, --zero-stats      zero statistics counters

    -h, --help            print this help text
    -V, --version         print version and copyright information

See also <http://ccache.samba.org>.


Compiling the CXX compiler identification source file "CMakeCXXCompilerId.cpp" failed.
Compiler: /usr/bin/ccache 
Build flags: -pedantic;-fpic;-Wall;-Wpointer-arith;-Wwrite-strings;-Wsynth;-Wsign-compare;-Wswitch;-Wno-unused-local-typedefs;-Wno-long-long;;;-std=c++11;-Wno-parentheses;-Wno-long-long;-Wno-unused;-Wno-extra;-Wno-overloaded-virtual;-Wno-long-long
Id flags: -c

The output was:
1
/usr/bin/ccache: invalid option -- 'p'
Usage:
    ccache [options]
    ccache compiler [compiler options]
    compiler [compiler options]          (via symbolic link)

Options:
    -c, --cleanup         delete old files and recalculate size counters
                          (normally not needed as this is done automatically)
    -C, --clear           clear the cache completely
    -F, --max-files=N     set maximum number of files in cache to N (use 0 for
                          no limit)
    -M, --max-size=SIZE   set maximum size of cache to SIZE (use 0 for no
                          limit; available suffixes: G, M and K; default
                          suffix: G)
    -s, --show-stats      show statistics summary
    -z, --zero-stats      zero statistics counters

    -h, --help            print this help text
    -V, --version         print version and copyright information

See also <http://ccache.samba.org>.


Checking whether the CXX compiler is IAR using "" did not match "IAR .+ Compiler":
/usr/bin/ccache: invalid option -- 'p'
Usage:
    ccache [options]
    ccache compiler [compiler options]
    compiler [compiler options]          (via symbolic link)

Options:
    -c, --cleanup         delete old files and recalculate size counters
                          (normally not needed as this is done automatically)
    -C, --clear           clear the cache completely
    -F, --max-files=N     set maximum number of files in cache to N (use 0 for
                          no limit)
    -M, --max-size=SIZE   set maximum size of cache to SIZE (use 0 for no
                          limit; available suffixes: G, M and K; default
                          suffix: G)
    -s, --show-stats      show statistics summary
    -z, --zero-stats      zero statistics counters

    -h, --help            print this help text
    -V, --version         print version and copyright information

See also <http://ccache.samba.org>.
Determining if the CXX compiler works failed with the following output:
Change Dir: /home/tbent/projects/archive/viscrupt/dg_waves_defunct/CMakeFiles/CMakeTmp

Run Build Command:/usr/bin/make "cmTryCompileExec1702779770/fast"
/usr/bin/make -f CMakeFiles/cmTryCompileExec1702779770.dir/build.make CMakeFiles/cmTryCompileExec1702779770.dir/build
make[1]: Entering directory `/home/tbent/projects/archive/viscrupt/dg_waves_defunct/CMakeFiles/CMakeTmp'
/usr/bin/cmake -E cmake_progress_report /home/tbent/projects/archive/viscrupt/dg_waves_defunct/CMakeFiles/CMakeTmp/CMakeFiles 1
Building CXX object CMakeFiles/cmTryCompileExec1702779770.dir/testCXXCompiler.cxx.o
/usr/bin/ccache    -pedantic -fpic -Wall -Wpointer-arith -Wwrite-strings -Wsynth -Wsign-compare -Wswitch -Wno-unused-local-typedefs -Wno-long-long   -std=c++11 -Wno-parentheses -Wno-long-long -Wno-unused -Wno-extra -Wno-overloaded-virtual -Wno-long-long    -o CMakeFiles/cmTryCompileExec1702779770.dir/testCXXCompiler.cxx.o -c /home/tbent/projects/archive/viscrupt/dg_waves_defunct/CMakeFiles/CMakeTmp/testCXXCompiler.cxx
/usr/bin/ccache: invalid option -- 'p'
Usage:
    ccache [options]
    ccache compiler [compiler options]
    compiler [compiler options]          (via symbolic link)

Options:
    -c, --cleanup         delete old files and recalculate size counters
                          (normally not needed as this is done automatically)
    -C, --clear           clear the cache completely
    -F, --max-files=N     set maximum number of files in cache to N (use 0 for
                          no limit)
    -M, --max-size=SIZE   set maximum size of cache to SIZE (use 0 for no
                          limit; available suffixes: G, M and K; default
                          suffix: G)
    -s, --show-stats      show statistics summary
    -z, --zero-stats      zero statistics counters

    -h, --help            print this help text
    -V, --version         print version and copyright information

See also <http://ccache.samba.org>.
make[1]: *** [CMakeFiles/cmTryCompileExec1702779770.dir/testCXXCompiler.cxx.o] Error 1
make[1]: Leaving directory `/home/tbent/projects/archive/viscrupt/dg_waves_defunct/CMakeFiles/CMakeTmp'
make: *** [cmTryCompileExec1702779770/fast] Error 2


Compiling the CXX compiler identification source file "CMakeCXXCompilerId.cpp" failed.
Compiler: /usr/bin/ccache 
Build flags: -pedantic;-fpic;-Wall;-Wpointer-arith;-Wwrite-strings;-Wsynth;-Wsign-compare;-Wswitch;-Wno-unused-local-typedefs;-Wno-long-long;;;-std=c++11;-Wno-parentheses;-Wno-long-long;-Wno-unused;-Wno-extra;-Wno-overloaded-virtual;-Wno-long-long
Id flags: 

The output was:
1
/usr/bin/ccache: invalid option -- 'p'
Usage:
    ccache [options]
    ccache compiler [compiler options]
    compiler [compiler options]          (via symbolic link)

Options:
    -c, --cleanup         delete old files and recalculate size counters
                          (normally not needed as this is done automatically)
    -C, --clear           clear the cache completely
    -F, --max-files=N     set maximum number of files in cache to N (use 0 for
                          no limit)
    -M, --max-size=SIZE   set maximum size of cache to SIZE (use 0 for no
                          limit; available suffixes: G, M and K; default
                          suffix: G)
    -s, --show-stats      show statistics summary
    -z, --zero-stats      zero statistics counters

    -h, --help            print this help text
    -V, --version         print version and copyright information

See also <http://ccache.samba.org>.


Compiling the CXX compiler identification source file "CMakeCXXCompilerId.cpp" failed.
Compiler: /usr/bin/ccache 
Build flags: -pedantic;-fpic;-Wall;-Wpointer-arith;-Wwrite-strings;-Wsynth;-Wsign-compare;-Wswitch;-Wno-unused-local-typedefs;-Wno-long-long;;;-std=c++11;-Wno-parentheses;-Wno-long-long;-Wno-unused;-Wno-extra;-Wno-overloaded-virtual;-Wno-long-long
Id flags: -c

The output was:
1
/usr/bin/ccache: invalid option -- 'p'
Usage:
    ccache [options]
    ccache compiler [compiler options]
    compiler [compiler options]          (via symbolic link)

Options:
    -c, --cleanup         delete old files and recalculate size counters
                          (normally not needed as this is done automatically)
    -C, --clear           clear the cache completely
    -F, --max-files=N     set maximum number of files in cache to N (use 0 for
                          no limit)
    -M, --max-size=SIZE   set maximum size of cache to SIZE (use 0 for no
                          limit; available suffixes: G, M and K; default
                          suffix: G)
    -s, --show-stats      show statistics summary
    -z, --zero-stats      zero statistics counters

    -h, --help            print this help text
    -V, --version         print version and copyright information

See also <http://ccache.samba.org>.


Checking whether the CXX compiler is IAR using "" did not match "IAR .+ Compiler":
/usr/bin/ccache: invalid option -- 'p'
Usage:
    ccache [options]
    ccache compiler [compiler options]
    compiler [compiler options]          (via symbolic link)

Options:
    -c, --cleanup         delete old files and recalculate size counters
                          (normally not needed as this is done automatically)
    -C, --clear           clear the cache completely
    -F, --max-files=N     set maximum number of files in cache to N (use 0 for
                          no limit)
    -M, --max-size=SIZE   set maximum size of cache to SIZE (use 0 for no
                          limit; available suffixes: G, M and K; default
                          suffix: G)
    -s, --show-stats      show statistics summary
    -z, --zero-stats      zero statistics counters

    -h, --help            print this help text
    -V, --version         print version and copyright information

See also <http://ccache.samba.org>.
Determining if the CXX compiler works failed with the following output:
Change Dir: /home/tbent/projects/archive/viscrupt/dg_waves_defunct/CMakeFiles/CMakeTmp

Run Build Command:/usr/bin/make "cmTryCompileExec531505419/fast"
/usr/bin/make -f CMakeFiles/cmTryCompileExec531505419.dir/build.make CMakeFiles/cmTryCompileExec531505419.dir/build
make[1]: Entering directory `/home/tbent/projects/archive/viscrupt/dg_waves_defunct/CMakeFiles/CMakeTmp'
/usr/bin/cmake -E cmake_progress_report /home/tbent/projects/archive/viscrupt/dg_waves_defunct/CMakeFiles/CMakeTmp/CMakeFiles 1
Building CXX object CMakeFiles/cmTryCompileExec531505419.dir/testCXXCompiler.cxx.o
/usr/bin/ccache    -pedantic -fpic -Wall -Wpointer-arith -Wwrite-strings -Wsynth -Wsign-compare -Wswitch -Wno-unused-local-typedefs -Wno-long-long   -std=c++11 -Wno-parentheses -Wno-long-long -Wno-unused -Wno-extra -Wno-overloaded-virtual -Wno-long-long    -o CMakeFiles/cmTryCompileExec531505419.dir/testCXXCompiler.cxx.o -c /home/tbent/projects/archive/viscrupt/dg_waves_defunct/CMakeFiles/CMakeTmp/testCXXCompiler.cxx
/usr/bin/ccache: invalid option -- 'p'
Usage:
    ccache [options]
    ccache compiler [compiler options]
    compiler [compiler options]          (via symbolic link)

Options:
    -c, --cleanup         delete old files and recalculate size counters
                          (normally not needed as this is done automatically)
    -C, --clear           clear the cache completely
    -F, --max-files=N     set maximum number of files in cache to N (use 0 for
                          no limit)
    -M, --max-size=SIZE   set maximum size of cache to SIZE (use 0 for no
                          limit; available suffixes: G, M and K; default
                          suffix: G)
    -s, --show-stats      show statistics summary
    -z, --zero-stats      zero statistics counters

    -h, --help            print this help text
    -V, --version         print version and copyright information

See also <http://ccache.samba.org>.
make[1]: *** [CMakeFiles/cmTryCompileExec531505419.dir/testCXXCompiler.cxx.o] Error 1
make[1]: Leaving directory `/home/tbent/projects/archive/viscrupt/dg_waves_defunct/CMakeFiles/CMakeTmp'
make: *** [cmTryCompileExec531505419/fast] Error 2


Compiling the CXX compiler identification source file "CMakeCXXCompilerId.cpp" failed.
Compiler: /usr/bin/ccache 
Build flags: -pedantic;-fpic;-Wall;-Wpointer-arith;-Wwrite-strings;-Wsynth;-Wsign-compare;-Wswitch;-Wno-unused-local-typedefs;-Wno-long-long;;;-std=c++11;-Wno-parentheses;-Wno-long-long;-Wno-unused;-Wno-extra;-Wno-overloaded-virtual;-Wno-long-long
Id flags: 

The output was:
1
/usr/bin/ccache: invalid option -- 'p'
Usage:
    ccache [options]
    ccache compiler [compiler options]
    compiler [compiler options]          (via symbolic link)

Options:
    -c, --cleanup         delete old files and recalculate size counters
                          (normally not needed as this is done automatically)
    -C, --clear           clear the cache completely
    -F, --max-files=N     set maximum number of files in cache to N (use 0 for
                          no limit)
    -M, --max-size=SIZE   set maximum size of cache to SIZE (use 0 for no
                          limit; available suffixes: G, M and K; default
                          suffix: G)
    -s, --show-stats      show statistics summary
    -z, --zero-stats      zero statistics counters

    -h, --help            print this help text
    -V, --version         print version and copyright information

See also <http://ccache.samba.org>.


Compiling the CXX compiler identification source file "CMakeCXXCompilerId.cpp" failed.
Compiler: /usr/bin/ccache 
Build flags: -pedantic;-fpic;-Wall;-Wpointer-arith;-Wwrite-strings;-Wsynth;-Wsign-compare;-Wswitch;-Wno-unused-local-typedefs;-Wno-long-long;;;-std=c++11;-Wno-parentheses;-Wno-long-long;-Wno-unused;-Wno-extra;-Wno-overloaded-virtual;-Wno-long-long
Id flags: -c

The output was:
1
/usr/bin/ccache: invalid option -- 'p'
Usage:
    ccache [options]
    ccache compiler [compiler options]
    compiler [compiler options]          (via symbolic link)

Options:
    -c, --cleanup         delete old files and recalculate size counters
                          (normally not needed as this is done automatically)
    -C, --clear           clear the cache completely
    -F, --max-files=N     set maximum number of files in cache to N (use 0 for
                          no limit)
    -M, --max-size=SIZE   set maximum size of cache to SIZE (use 0 for no
                          limit; available suffixes: G, M and K; default
                          suffix: G)
    -s, --show-stats      show statistics summary
    -z, --zero-stats      zero statistics counters

    -h, --help            print this help text
    -V, --version         print version and copyright information

See also <http://ccache.samba.org>.


Checking whether the CXX compiler is IAR using "" did not match "IAR .+ Compiler":
/usr/bin/ccache: invalid option -- 'p'
Usage:
    ccache [options]
    ccache compiler [compiler options]
    compiler [compiler options]          (via symbolic link)

Options:
    -c, --cleanup         delete old files and recalculate size counters
                          (normally not needed as this is done automatically)
    -C, --clear           clear the cache completely
    -F, --max-files=N     set maximum number of files in cache to N (use 0 for
                          no limit)
    -M, --max-size=SIZE   set maximum size of cache to SIZE (use 0 for no
                          limit; available suffixes: G, M and K; default
                          suffix: G)
    -s, --show-stats      show statistics summary
    -z, --zero-stats      zero statistics counters

    -h, --help            print this help text
    -V, --version         print version and copyright information

See also <http://ccache.samba.org>.
Determining if the CXX compiler works failed with the following output:
Change Dir: /home/tbent/projects/archive/viscrupt/dg_waves_defunct/CMakeFiles/CMakeTmp

Run Build Command:/usr/bin/make "cmTryCompileExec1415045043/fast"
/usr/bin/make -f CMakeFiles/cmTryCompileExec1415045043.dir/build.make CMakeFiles/cmTryCompileExec1415045043.dir/build
make[1]: Entering directory `/home/tbent/projects/archive/viscrupt/dg_waves_defunct/CMakeFiles/CMakeTmp'
/usr/bin/cmake -E cmake_progress_report /home/tbent/projects/archive/viscrupt/dg_waves_defunct/CMakeFiles/CMakeTmp/CMakeFiles 1
Building CXX object CMakeFiles/cmTryCompileExec1415045043.dir/testCXXCompiler.cxx.o
/usr/bin/ccache    -pedantic -fpic -Wall -Wpointer-arith -Wwrite-strings -Wsynth -Wsign-compare -Wswitch -Wno-unused-local-typedefs -Wno-long-long   -std=c++11 -Wno-parentheses -Wno-long-long -Wno-unused -Wno-extra -Wno-overloaded-virtual -Wno-long-long    -o CMakeFiles/cmTryCompileExec1415045043.dir/testCXXCompiler.cxx.o -c /home/tbent/projects/archive/viscrupt/dg_waves_defunct/CMakeFiles/CMakeTmp/testCXXCompiler.cxx
/usr/bin/ccache: invalid option -- 'p'
Usage:
    ccache [options]
    ccache compiler [compiler options]
    compiler [compiler options]          (via symbolic link)

Options:
    -c, --cleanup         delete old files and recalculate size counters
                          (normally not needed as this is done automatically)
    -C, --clear           clear the cache completely
    -F, --max-files=N     set maximum number of files in cache to N (use 0 for
                          no limit)
    -M, --max-size=SIZE   set maximum size of cache to SIZE (use 0 for no
                          limit; available suffixes: G, M and K; default
                          suffix: G)
    -s, --show-stats      show statistics summary
    -z, --zero-stats      zero statistics counters

    -h, --help            print this help text
    -V, --version         print version and copyright information

See also <http://ccache.samba.org>.
make[1]: *** [CMakeFiles/cmTryCompileExec1415045043.dir/testCXXCompiler.cxx.o] Error 1
make[1]: Leaving directory `/home/tbent/projects/archive/viscrupt/dg_waves_defunct/CMakeFiles/CMakeTmp'
make: *** [cmTryCompileExec1415045043/fast] Error 2


Compiling the CXX compiler identification source file "CMakeCXXCompilerId.cpp" failed.
Compiler: /usr/bin/ccache 
Build flags: -pedantic;-fpic;-Wall;-Wpointer-arith;-Wwrite-strings;-Wsynth;-Wsign-compare;-Wswitch;-Wno-unused-local-typedefs;-Wno-long-long;;;-std=c++11;-Wno-parentheses;-Wno-long-long;-Wno-unused;-Wno-extra;-Wno-overloaded-virtual;-Wno-long-long
Id flags: 

The output was:
1
/usr/bin/ccache: invalid option -- 'p'
Usage:
    ccache [options]
    ccache compiler [compiler options]
    compiler [compiler options]          (via symbolic link)

Options:
    -c, --cleanup         delete old files and recalculate size counters
                          (normally not needed as this is done automatically)
    -C, --clear           clear the cache completely
    -F, --max-files=N     set maximum number of files in cache to N (use 0 for
                          no limit)
    -M, --max-size=SIZE   set maximum size of cache to SIZE (use 0 for no
                          limit; available suffixes: G, M and K; default
                          suffix: G)
    -s, --show-stats      show statistics summary
    -z, --zero-stats      zero statistics counters

    -h, --help            print this help text
    -V, --version         print version and copyright information

See also <http://ccache.samba.org>.


Compiling the CXX compiler identification source file "CMakeCXXCompilerId.cpp" failed.
Compiler: /usr/bin/ccache 
Build flags: -pedantic;-fpic;-Wall;-Wpointer-arith;-Wwrite-strings;-Wsynth;-Wsign-compare;-Wswitch;-Wno-unused-local-typedefs;-Wno-long-long;;;-std=c++11;-Wno-parentheses;-Wno-long-long;-Wno-unused;-Wno-extra;-Wno-overloaded-virtual;-Wno-long-long
Id flags: -c

The output was:
1
/usr/bin/ccache: invalid option -- 'p'
Usage:
    ccache [options]
    ccache compiler [compiler options]
    compiler [compiler options]          (via symbolic link)

Options:
    -c, --cleanup         delete old files and recalculate size counters
                          (normally not needed as this is done automatically)
    -C, --clear           clear the cache completely
    -F, --max-files=N     set maximum number of files in cache to N (use 0 for
                          no limit)
    -M, --max-size=SIZE   set maximum size of cache to SIZE (use 0 for no
                          limit; available suffixes: G, M and K; default
                          suffix: G)
    -s, --show-stats      show statistics summary
    -z, --zero-stats      zero statistics counters

    -h, --help            print this help text
    -V, --version         print version and copyright information

See also <http://ccache.samba.org>.


Checking whether the CXX compiler is IAR using "" did not match "IAR .+ Compiler":
/usr/bin/ccache: invalid option -- 'p'
Usage:
    ccache [options]
    ccache compiler [compiler options]
    compiler [compiler options]          (via symbolic link)

Options:
    -c, --cleanup         delete old files and recalculate size counters
                          (normally not needed as this is done automatically)
    -C, --clear           clear the cache completely
    -F, --max-files=N     set maximum number of files in cache to N (use 0 for
                          no limit)
    -M, --max-size=SIZE   set maximum size of cache to SIZE (use 0 for no
                          limit; available suffixes: G, M and K; default
                          suffix: G)
    -s, --show-stats      show statistics summary
    -z, --zero-stats      zero statistics counters

    -h, --help            print this help text
    -V, --version         print version and copyright information

See also <http://ccache.samba.org>.
Determining if the CXX compiler works failed with the following output:
Change Dir: /home/tbent/projects/archive/viscrupt/dg_waves_defunct/CMakeFiles/CMakeTmp

Run Build Command:/usr/bin/make "cmTryCompileExec1531719617/fast"
/usr/bin/make -f CMakeFiles/cmTryCompileExec1531719617.dir/build.make CMakeFiles/cmTryCompileExec1531719617.dir/build
make[1]: Entering directory `/home/tbent/projects/archive/viscrupt/dg_waves_defunct/CMakeFiles/CMakeTmp'
/usr/bin/cmake -E cmake_progress_report /home/tbent/projects/archive/viscrupt/dg_waves_defunct/CMakeFiles/CMakeTmp/CMakeFiles 1
Building CXX object CMakeFiles/cmTryCompileExec1531719617.dir/testCXXCompiler.cxx.o
/usr/bin/ccache    -pedantic -fpic -Wall -Wpointer-arith -Wwrite-strings -Wsynth -Wsign-compare -Wswitch -Wno-unused-local-typedefs -Wno-long-long   -std=c++11 -Wno-parentheses -Wno-long-long -Wno-unused -Wno-extra -Wno-overloaded-virtual -Wno-long-long    -o CMakeFiles/cmTryCompileExec1531719617.dir/testCXXCompiler.cxx.o -c /home/tbent/projects/archive/viscrupt/dg_waves_defunct/CMakeFiles/CMakeTmp/testCXXCompiler.cxx
/usr/bin/ccache: invalid option -- 'p'
Usage:
    ccache [options]
    ccache compiler [compiler options]
    compiler [compiler options]          (via symbolic link)

Options:
    -c, --cleanup         delete old files and recalculate size counters
                          (normally not needed as this is done automatically)
    -C, --clear           clear the cache completely
    -F, --max-files=N     set maximum number of files in cache to N (use 0 for
                          no limit)
    -M, --max-size=SIZE   set maximum size of cache to SIZE (use 0 for no
                          limit; available suffixes: G, M and K; default
                          suffix: G)
    -s, --show-stats      show statistics summary
    -z, --zero-stats      zero statistics counters

    -h, --help            print this help text
    -V, --version         print version and copyright information

See also <http://ccache.samba.org>.
make[1]: *** [CMakeFiles/cmTryCompileExec1531719617.dir/testCXXCompiler.cxx.o] Error 1
make[1]: Leaving directory `/home/tbent/projects/archive/viscrupt/dg_waves_defunct/CMakeFiles/CMakeTmp'
make: *** [cmTryCompileExec1531719617/fast] Error 2


